Arguments: 
  D:\nodejs\node.exe D:\nodejs\node_modules\yarn\bin\yarn.js add @types/handtrackjs

PATH: 
  C:\Program Files (x86)\Common Files\Intel\Shared Libraries\redist\intel64\compiler;D:\Python27\Scripts;D:\Python27;D:\Program Files (x86)\NetSarang\Xshell 6\;C:\Windows\system32;C:\Windows;C:\Windows\System32\Wbem;C:\Windows\System32\WindowsPowerShell\v1.0\;C:\Windows\System32\OpenSSH\;C:\Program Files\NVIDIA Corporation\NVIDIA NvDLISR;C:\ProgramData\chocolatey\bin;C:\Program Files (x86)\NVIDIA Corporation\PhysX\Common;D:\Program Files\Git\cmd;D:\Program Files\Java\jdk1.8.0_271\bin;D:\Softwares\apache-maven-3.6.3\bin;%NVM_HOME%;%NVM_SYMLINK%;C:\WINDOWS\system32;C:\WINDOWS;C:\WINDOWS\System32\Wbem;C:\WINDOWS\System32\WindowsPowerShell\v1.0\;C:\WINDOWS\System32\OpenSSH\;D:\Python27\Scripts;D:\Python27;C:\Users\Anderson's PC\AppData\Local\Microsoft\WindowsApps;D:\PyCharm\PyCharm 2019.3.3\bin;;D:\anaconda3\envs\manin\ffmpeg-4.2.2-win64-static\bin;D:\Microsoft VS Code\bin;D:\Program Files\Git\mingw64\bin;D:\Program Files\Git\mingw64\libexec\git-core;D:\Program Files\JetBrains\IntelliJ IDEA 2020.2.1\bin;;D:\Roaming\nvm;D:\nodejs;

Yarn version: 
  1.22.10

Node version: 
  14.15.4

Platform: 
  win32 x64

Trace: 
  Error: https://registry.npm.taobao.org/@types%2fhandtrackjs: Not found
      at Request.params.callback [as _callback] (D:\Roaming\nvm\v14.15.4\node_modules\yarn\lib\cli.js:66988:18)
      at Request.self.callback (D:\Roaming\nvm\v14.15.4\node_modules\yarn\lib\cli.js:140662:22)
      at Request.emit (events.js:315:20)
      at Request.<anonymous> (D:\Roaming\nvm\v14.15.4\node_modules\yarn\lib\cli.js:141634:10)
      at Request.emit (events.js:315:20)
      at IncomingMessage.<anonymous> (D:\Roaming\nvm\v14.15.4\node_modules\yarn\lib\cli.js:141556:12)
      at Object.onceWrapper (events.js:421:28)
      at IncomingMessage.emit (events.js:327:22)
      at endReadableNT (internal/streams/readable.js:1327:12)
      at processTicksAndRejections (internal/process/task_queues.js:80:21)

npm manifest: 
  {
    "name": "handtrack",
    "version": "0.0.0",
    "scripts": {
      "dev": "vite",
      "build": "tsc && vite build",
      "serve": "vite preview"
    },
    "dependencies": {
      "@types/react-router-dom": "^5.1.8",
      "handtrackjs": "^0.1.5",
      "react": "^17.0.0",
      "react-dom": "^17.0.0",
      "react-router": "^5.2.1",
      "react-router-dom": "^5.3.0",
      "sass": "^1.39.0"
    },
    "devDependencies": {
      "@types/react": "^17.0.0",
      "@types/react-dom": "^17.0.0",
      "@vitejs/plugin-react-refresh": "^1.3.1",
      "typescript": "^4.3.2",
      "vite": "^2.5.2"
    }
  }

yarn manifest: 
  No manifest

Lockfile: 
  # THIS IS AN AUTOGENERATED FILE. DO NOT EDIT THIS FILE DIRECTLY.
  # yarn lockfile v1
  
  
  "@babel/code-frame@^7.14.5":
    version "7.14.5"
    resolved "https://registry.nlark.com/@babel/code-frame/download/@babel/code-frame-7.14.5.tgz?cache=0&sync_timestamp=1623280394200&other_urls=https%3A%2F%2Fregistry.nlark.com%2F%40babel%2Fcode-frame%2Fdownload%2F%40babel%2Fcode-frame-7.14.5.tgz#23b08d740e83f49c5e59945fbf1b43e80bbf4edb"
    integrity sha1-I7CNdA6D9JxeWZRfvxtD6Au/Tts=
    dependencies:
      "@babel/highlight" "^7.14.5"
  
  "@babel/compat-data@^7.15.0":
    version "7.15.0"
    resolved "https://registry.nlark.com/@babel/compat-data/download/@babel/compat-data-7.15.0.tgz#2dbaf8b85334796cafbb0f5793a90a2fc010b176"
    integrity sha1-Lbr4uFM0eWyvuw9Xk6kKL8AQsXY=
  
  "@babel/core@^7.14.8":
    version "7.15.5"
    resolved "https://registry.nlark.com/@babel/core/download/@babel/core-7.15.5.tgz#f8ed9ace730722544609f90c9bb49162dc3bf5b9"
    integrity sha1-+O2aznMHIlRGCfkMm7SRYtw79bk=
    dependencies:
      "@babel/code-frame" "^7.14.5"
      "@babel/generator" "^7.15.4"
      "@babel/helper-compilation-targets" "^7.15.4"
      "@babel/helper-module-transforms" "^7.15.4"
      "@babel/helpers" "^7.15.4"
      "@babel/parser" "^7.15.5"
      "@babel/template" "^7.15.4"
      "@babel/traverse" "^7.15.4"
      "@babel/types" "^7.15.4"
      convert-source-map "^1.7.0"
      debug "^4.1.0"
      gensync "^1.0.0-beta.2"
      json5 "^2.1.2"
      semver "^6.3.0"
      source-map "^0.5.0"
  
  "@babel/generator@^7.15.4":
    version "7.15.4"
    resolved "https://registry.nlark.com/@babel/generator/download/@babel/generator-7.15.4.tgz?cache=0&sync_timestamp=1630618918440&other_urls=https%3A%2F%2Fregistry.nlark.com%2F%40babel%2Fgenerator%2Fdownload%2F%40babel%2Fgenerator-7.15.4.tgz#85acb159a267ca6324f9793986991ee2022a05b0"
    integrity sha1-hayxWaJnymMk+Xk5hpke4gIqBbA=
    dependencies:
      "@babel/types" "^7.15.4"
      jsesc "^2.5.1"
      source-map "^0.5.0"
  
  "@babel/helper-compilation-targets@^7.15.4":
    version "7.15.4"
    resolved "https://registry.nlark.com/@babel/helper-compilation-targets/download/@babel/helper-compilation-targets-7.15.4.tgz?cache=0&sync_timestamp=1630618788550&other_urls=https%3A%2F%2Fregistry.nlark.com%2F%40babel%2Fhelper-compilation-targets%2Fdownload%2F%40babel%2Fhelper-compilation-targets-7.15.4.tgz#cf6d94f30fbefc139123e27dd6b02f65aeedb7b9"
    integrity sha1-z22U8w++/BORI+J91rAvZa7tt7k=
    dependencies:
      "@babel/compat-data" "^7.15.0"
      "@babel/helper-validator-option" "^7.14.5"
      browserslist "^4.16.6"
      semver "^6.3.0"
  
  "@babel/helper-function-name@^7.15.4":
    version "7.15.4"
    resolved "https://registry.nlark.com/@babel/helper-function-name/download/@babel/helper-function-name-7.15.4.tgz?cache=0&sync_timestamp=1630618923307&other_urls=https%3A%2F%2Fregistry.nlark.com%2F%40babel%2Fhelper-function-name%2Fdownload%2F%40babel%2Fhelper-function-name-7.15.4.tgz#845744dafc4381a4a5fb6afa6c3d36f98a787ebc"
    integrity sha1-hFdE2vxDgaSl+2r6bD02+Yp4frw=
    dependencies:
      "@babel/helper-get-function-arity" "^7.15.4"
      "@babel/template" "^7.15.4"
      "@babel/types" "^7.15.4"
  
  "@babel/helper-get-function-arity@^7.15.4":
    version "7.15.4"
    resolved "https://registry.nlark.com/@babel/helper-get-function-arity/download/@babel/helper-get-function-arity-7.15.4.tgz?cache=0&sync_timestamp=1630618916983&other_urls=https%3A%2F%2Fregistry.nlark.com%2F%40babel%2Fhelper-get-function-arity%2Fdownload%2F%40babel%2Fhelper-get-function-arity-7.15.4.tgz#098818934a137fce78b536a3e015864be1e2879b"
    integrity sha1-CYgYk0oTf854tTaj4BWGS+Hih5s=
    dependencies:
      "@babel/types" "^7.15.4"
  
  "@babel/helper-hoist-variables@^7.15.4":
    version "7.15.4"
    resolved "https://registry.nlark.com/@babel/helper-hoist-variables/download/@babel/helper-hoist-variables-7.15.4.tgz?cache=0&sync_timestamp=1630618919536&other_urls=https%3A%2F%2Fregistry.nlark.com%2F%40babel%2Fhelper-hoist-variables%2Fdownload%2F%40babel%2Fhelper-hoist-variables-7.15.4.tgz#09993a3259c0e918f99d104261dfdfc033f178df"
    integrity sha1-CZk6MlnA6Rj5nRBCYd/fwDPxeN8=
    dependencies:
      "@babel/types" "^7.15.4"
  
  "@babel/helper-member-expression-to-functions@^7.15.4":
    version "7.15.4"
    resolved "https://registry.nlark.com/@babel/helper-member-expression-to-functions/download/@babel/helper-member-expression-to-functions-7.15.4.tgz?cache=0&sync_timestamp=1630618921004&other_urls=https%3A%2F%2Fregistry.nlark.com%2F%40babel%2Fhelper-member-expression-to-functions%2Fdownload%2F%40babel%2Fhelper-member-expression-to-functions-7.15.4.tgz#bfd34dc9bba9824a4658b0317ec2fd571a51e6ef"
    integrity sha1-v9NNybupgkpGWLAxfsL9VxpR5u8=
    dependencies:
      "@babel/types" "^7.15.4"
  
  "@babel/helper-module-imports@^7.15.4":
    version "7.15.4"
    resolved "https://registry.nlark.com/@babel/helper-module-imports/download/@babel/helper-module-imports-7.15.4.tgz?cache=0&sync_timestamp=1630619202866&other_urls=https%3A%2F%2Fregistry.nlark.com%2F%40babel%2Fhelper-module-imports%2Fdownload%2F%40babel%2Fhelper-module-imports-7.15.4.tgz#e18007d230632dea19b47853b984476e7b4e103f"
    integrity sha1-4YAH0jBjLeoZtHhTuYRHbntOED8=
    dependencies:
      "@babel/types" "^7.15.4"
  
  "@babel/helper-module-transforms@^7.15.4":
    version "7.15.4"
    resolved "https://registry.nlark.com/@babel/helper-module-transforms/download/@babel/helper-module-transforms-7.15.4.tgz#962cc629a7f7f9a082dd62d0307fa75fe8788d7c"
    integrity sha1-lizGKaf3+aCC3WLQMH+nX+h4jXw=
    dependencies:
      "@babel/helper-module-imports" "^7.15.4"
      "@babel/helper-replace-supers" "^7.15.4"
      "@babel/helper-simple-access" "^7.15.4"
      "@babel/helper-split-export-declaration" "^7.15.4"
      "@babel/helper-validator-identifier" "^7.14.9"
      "@babel/template" "^7.15.4"
      "@babel/traverse" "^7.15.4"
      "@babel/types" "^7.15.4"
  
  "@babel/helper-optimise-call-expression@^7.15.4":
    version "7.15.4"
    resolved "https://registry.nlark.com/@babel/helper-optimise-call-expression/download/@babel/helper-optimise-call-expression-7.15.4.tgz?cache=0&sync_timestamp=1630618919803&other_urls=https%3A%2F%2Fregistry.nlark.com%2F%40babel%2Fhelper-optimise-call-expression%2Fdownload%2F%40babel%2Fhelper-optimise-call-expression-7.15.4.tgz#f310a5121a3b9cc52d9ab19122bd729822dee171"
    integrity sha1-8xClEho7nMUtmrGRIr1ymCLe4XE=
    dependencies:
      "@babel/types" "^7.15.4"
  
  "@babel/helper-plugin-utils@^7.14.5":
    version "7.14.5"
    resolved "https://registry.nlark.com/@babel/helper-plugin-utils/download/@babel/helper-plugin-utils-7.14.5.tgz#5ac822ce97eec46741ab70a517971e443a70c5a9"
    integrity sha1-WsgizpfuxGdBq3ClF5ceRDpwxak=
  
  "@babel/helper-replace-supers@^7.15.4":
    version "7.15.4"
    resolved "https://registry.nlark.com/@babel/helper-replace-supers/download/@babel/helper-replace-supers-7.15.4.tgz?cache=0&sync_timestamp=1630618924259&other_urls=https%3A%2F%2Fregistry.nlark.com%2F%40babel%2Fhelper-replace-supers%2Fdownload%2F%40babel%2Fhelper-replace-supers-7.15.4.tgz#52a8ab26ba918c7f6dee28628b07071ac7b7347a"
    integrity sha1-UqirJrqRjH9t7ihiiwcHGse3NHo=
    dependencies:
      "@babel/helper-member-expression-to-functions" "^7.15.4"
      "@babel/helper-optimise-call-expression" "^7.15.4"
      "@babel/traverse" "^7.15.4"
      "@babel/types" "^7.15.4"
  
  "@babel/helper-simple-access@^7.15.4":
    version "7.15.4"
    resolved "https://registry.nlark.com/@babel/helper-simple-access/download/@babel/helper-simple-access-7.15.4.tgz?cache=0&sync_timestamp=1630619204668&other_urls=https%3A%2F%2Fregistry.nlark.com%2F%40babel%2Fhelper-simple-access%2Fdownload%2F%40babel%2Fhelper-simple-access-7.15.4.tgz#ac368905abf1de8e9781434b635d8f8674bcc13b"
    integrity sha1-rDaJBavx3o6XgUNLY12PhnS8wTs=
    dependencies:
      "@babel/types" "^7.15.4"
  
  "@babel/helper-split-export-declaration@^7.15.4":
    version "7.15.4"
    resolved "https://registry.nlark.com/@babel/helper-split-export-declaration/download/@babel/helper-split-export-declaration-7.15.4.tgz?cache=0&sync_timestamp=1630618922438&other_urls=https%3A%2F%2Fregistry.nlark.com%2F%40babel%2Fhelper-split-export-declaration%2Fdownload%2F%40babel%2Fhelper-split-export-declaration-7.15.4.tgz#aecab92dcdbef6a10aa3b62ab204b085f776e257"
    integrity sha1-rsq5Lc2+9qEKo7YqsgSwhfd24lc=
    dependencies:
      "@babel/types" "^7.15.4"
  
  "@babel/helper-validator-identifier@^7.14.5", "@babel/helper-validator-identifier@^7.14.9":
    version "7.14.9"
    resolved "https://registry.nlark.com/@babel/helper-validator-identifier/download/@babel/helper-validator-identifier-7.14.9.tgz?cache=0&sync_timestamp=1627804430461&other_urls=https%3A%2F%2Fregistry.nlark.com%2F%40babel%2Fhelper-validator-identifier%2Fdownload%2F%40babel%2Fhelper-validator-identifier-7.14.9.tgz#6654d171b2024f6d8ee151bf2509699919131d48"
    integrity sha1-ZlTRcbICT22O4VG/JQlpmRkTHUg=
  
  "@babel/helper-validator-option@^7.14.5":
    version "7.14.5"
    resolved "https://registry.nlark.com/@babel/helper-validator-option/download/@babel/helper-validator-option-7.14.5.tgz#6e72a1fff18d5dfcb878e1e62f1a021c4b72d5a3"
    integrity sha1-bnKh//GNXfy4eOHmLxoCHEty1aM=
  
  "@babel/helpers@^7.15.4":
    version "7.15.4"
    resolved "https://registry.nlark.com/@babel/helpers/download/@babel/helpers-7.15.4.tgz#5f40f02050a3027121a3cf48d497c05c555eaf43"
    integrity sha1-X0DwIFCjAnEho89I1JfAXFVer0M=
    dependencies:
      "@babel/template" "^7.15.4"
      "@babel/traverse" "^7.15.4"
      "@babel/types" "^7.15.4"
  
  "@babel/highlight@^7.14.5":
    version "7.14.5"
    resolved "https://registry.nlark.com/@babel/highlight/download/@babel/highlight-7.14.5.tgz?cache=0&sync_timestamp=1623280393681&other_urls=https%3A%2F%2Fregistry.nlark.com%2F%40babel%2Fhighlight%2Fdownload%2F%40babel%2Fhighlight-7.14.5.tgz#6861a52f03966405001f6aa534a01a24d99e8cd9"
    integrity sha1-aGGlLwOWZAUAH2qlNKAaJNmejNk=
    dependencies:
      "@babel/helper-validator-identifier" "^7.14.5"
      chalk "^2.0.0"
      js-tokens "^4.0.0"
  
  "@babel/parser@^7.15.4", "@babel/parser@^7.15.5":
    version "7.15.5"
    resolved "https://registry.nlark.com/@babel/parser/download/@babel/parser-7.15.5.tgz?cache=0&sync_timestamp=1630745952185&other_urls=https%3A%2F%2Fregistry.nlark.com%2F%40babel%2Fparser%2Fdownload%2F%40babel%2Fparser-7.15.5.tgz#d33a58ca69facc05b26adfe4abebfed56c1c2dac"
    integrity sha1-0zpYymn6zAWyat/kq+v+1WwcLaw=
  
  "@babel/plugin-transform-react-jsx-self@^7.14.5":
    version "7.14.9"
    resolved "https://registry.nlark.com/@babel/plugin-transform-react-jsx-self/download/@babel/plugin-transform-react-jsx-self-7.14.9.tgz?cache=0&sync_timestamp=1627804436165&other_urls=https%3A%2F%2Fregistry.nlark.com%2F%40babel%2Fplugin-transform-react-jsx-self%2Fdownload%2F%40babel%2Fplugin-transform-react-jsx-self-7.14.9.tgz#33041e665453391eb6ee54a2ecf3ba1d46bd30f4"
    integrity sha1-MwQeZlRTOR627lSi7PO6HUa9MPQ=
    dependencies:
      "@babel/helper-plugin-utils" "^7.14.5"
  
  "@babel/plugin-transform-react-jsx-source@^7.14.5":
    version "7.14.5"
    resolved "https://registry.nlark.com/@babel/plugin-transform-react-jsx-source/download/@babel/plugin-transform-react-jsx-source-7.14.5.tgz#79f728e60e6dbd31a2b860b0bf6c9765918acf1d"
    integrity sha1-efco5g5tvTGiuGCwv2yXZZGKzx0=
    dependencies:
      "@babel/helper-plugin-utils" "^7.14.5"
  
  "@babel/runtime@^7.1.2", "@babel/runtime@^7.12.1", "@babel/runtime@^7.12.13":
    version "7.15.4"
    resolved "https://registry.nlark.com/@babel/runtime/download/@babel/runtime-7.15.4.tgz?cache=0&sync_timestamp=1630618785994&other_urls=https%3A%2F%2Fregistry.nlark.com%2F%40babel%2Fruntime%2Fdownload%2F%40babel%2Fruntime-7.15.4.tgz#fd17d16bfdf878e6dd02d19753a39fa8a8d9c84a"
    integrity sha1-/RfRa/34eObdAtGXU6OfqKjZyEo=
    dependencies:
      regenerator-runtime "^0.13.4"
  
  "@babel/template@^7.15.4":
    version "7.15.4"
    resolved "https://registry.nlark.com/@babel/template/download/@babel/template-7.15.4.tgz?cache=0&sync_timestamp=1630618922172&other_urls=https%3A%2F%2Fregistry.nlark.com%2F%40babel%2Ftemplate%2Fdownload%2F%40babel%2Ftemplate-7.15.4.tgz#51898d35dcf3faa670c4ee6afcfd517ee139f194"
    integrity sha1-UYmNNdzz+qZwxO5q/P1RfuE58ZQ=
    dependencies:
      "@babel/code-frame" "^7.14.5"
      "@babel/parser" "^7.15.4"
      "@babel/types" "^7.15.4"
  
  "@babel/traverse@^7.15.4":
    version "7.15.4"
    resolved "https://registry.nlark.com/@babel/traverse/download/@babel/traverse-7.15.4.tgz?cache=0&sync_timestamp=1630618923983&other_urls=https%3A%2F%2Fregistry.nlark.com%2F%40babel%2Ftraverse%2Fdownload%2F%40babel%2Ftraverse-7.15.4.tgz#ff8510367a144bfbff552d9e18e28f3e2889c22d"
    integrity sha1-/4UQNnoUS/v/VS2eGOKPPiiJwi0=
    dependencies:
      "@babel/code-frame" "^7.14.5"
      "@babel/generator" "^7.15.4"
      "@babel/helper-function-name" "^7.15.4"
      "@babel/helper-hoist-variables" "^7.15.4"
      "@babel/helper-split-export-declaration" "^7.15.4"
      "@babel/parser" "^7.15.4"
      "@babel/types" "^7.15.4"
      debug "^4.1.0"
      globals "^11.1.0"
  
  "@babel/types@^7.15.4":
    version "7.15.4"
    resolved "https://registry.nlark.com/@babel/types/download/@babel/types-7.15.4.tgz?cache=0&sync_timestamp=1630618915456&other_urls=https%3A%2F%2Fregistry.nlark.com%2F%40babel%2Ftypes%2Fdownload%2F%40babel%2Ftypes-7.15.4.tgz#74eeb86dbd6748d2741396557b9860e57fce0a0d"
    integrity sha1-dO64bb1nSNJ0E5ZVe5hg5X/OCg0=
    dependencies:
      "@babel/helper-validator-identifier" "^7.14.9"
      to-fast-properties "^2.0.0"
  
  "@nodelib/fs.scandir@2.1.5":
    version "2.1.5"
    resolved "https://registry.nlark.com/@nodelib/fs.scandir/download/@nodelib/fs.scandir-2.1.5.tgz#7619c2eb21b25483f6d167548b4cfd5a7488c3d5"
    integrity sha1-dhnC6yGyVIP20WdUi0z9WnSIw9U=
    dependencies:
      "@nodelib/fs.stat" "2.0.5"
      run-parallel "^1.1.9"
  
  "@nodelib/fs.stat@2.0.5", "@nodelib/fs.stat@^2.0.2":
    version "2.0.5"
    resolved "https://registry.nlark.com/@nodelib/fs.stat/download/@nodelib/fs.stat-2.0.5.tgz?cache=0&sync_timestamp=1622792655362&other_urls=https%3A%2F%2Fregistry.nlark.com%2F%40nodelib%2Ffs.stat%2Fdownload%2F%40nodelib%2Ffs.stat-2.0.5.tgz#5bd262af94e9d25bd1e71b05deed44876a222e8b"
    integrity sha1-W9Jir5Tp0lvR5xsF3u1Eh2oiLos=
  
  "@nodelib/fs.walk@^1.2.3":
    version "1.2.8"
    resolved "https://registry.nlark.com/@nodelib/fs.walk/download/@nodelib/fs.walk-1.2.8.tgz?cache=0&sync_timestamp=1625769815389&other_urls=https%3A%2F%2Fregistry.nlark.com%2F%40nodelib%2Ffs.walk%2Fdownload%2F%40nodelib%2Ffs.walk-1.2.8.tgz#e95737e8bb6746ddedf69c556953494f196fe69a"
    integrity sha1-6Vc36LtnRt3t9pxVaVNJTxlv5po=
    dependencies:
      "@nodelib/fs.scandir" "2.1.5"
      fastq "^1.6.0"
  
  "@rollup/pluginutils@^4.1.1":
    version "4.1.1"
    resolved "https://registry.nlark.com/@rollup/pluginutils/download/@rollup/pluginutils-4.1.1.tgz?cache=0&sync_timestamp=1626393703548&other_urls=https%3A%2F%2Fregistry.nlark.com%2F%40rollup%2Fpluginutils%2Fdownload%2F%40rollup%2Fpluginutils-4.1.1.tgz#1d4da86dd4eded15656a57d933fda2b9a08d47ec"
    integrity sha1-HU2obdTt7RVlalfZM/2iuaCNR+w=
    dependencies:
      estree-walker "^2.0.1"
      picomatch "^2.2.2"
  
  "@tensorflow/tfjs-backend-cpu@3.3.0":
    version "3.3.0"
    resolved "https://registry.nlark.com/@tensorflow/tfjs-backend-cpu/download/@tensorflow/tfjs-backend-cpu-3.3.0.tgz#aa0a3ed2c6237a6e0c169678c5bd4b5a88766b1c"
    integrity sha1-qgo+0sYjem4MFpZ4xb1LWoh2axw=
    dependencies:
      "@types/seedrandom" "2.4.27"
      seedrandom "2.4.3"
  
  "@tensorflow/tfjs-backend-webgl@3.3.0":
    version "3.3.0"
    resolved "https://registry.nlark.com/@tensorflow/tfjs-backend-webgl/download/@tensorflow/tfjs-backend-webgl-3.3.0.tgz#29dd665f6a856c9defcb9108164f845e1fdcd02e"
    integrity sha1-Kd1mX2qFbJ3vy5EIFk+EXh/c0C4=
    dependencies:
      "@tensorflow/tfjs-backend-cpu" "3.3.0"
      "@types/offscreencanvas" "~2019.3.0"
      "@types/seedrandom" "2.4.27"
      "@types/webgl-ext" "0.0.30"
      "@types/webgl2" "0.0.5"
      seedrandom "2.4.3"
  
  "@tensorflow/tfjs-converter@3.3.0":
    version "3.3.0"
    resolved "https://registry.nlark.com/@tensorflow/tfjs-converter/download/@tensorflow/tfjs-converter-3.3.0.tgz#d9f2ffd0fbdbb47c07d5fd7c3e5dc180cff317aa"
    integrity sha1-2fL/0PvbtHwH1f18Pl3BgM/zF6o=
  
  "@tensorflow/tfjs-core@3.3.0":
    version "3.3.0"
    resolved "https://registry.nlark.com/@tensorflow/tfjs-core/download/@tensorflow/tfjs-core-3.3.0.tgz#3d26bd03cb58e0ecf46c96d118c39c4a90b7f5ed"
    integrity sha1-PSa9A8tY4Oz0bJbRGMOcSpC39e0=
    dependencies:
      "@types/offscreencanvas" "~2019.3.0"
      "@types/seedrandom" "2.4.27"
      "@types/webgl-ext" "0.0.30"
      node-fetch "~2.6.1"
      seedrandom "2.4.3"
  
  "@tensorflow/tfjs-data@3.3.0":
    version "3.3.0"
    resolved "https://registry.nlark.com/@tensorflow/tfjs-data/download/@tensorflow/tfjs-data-3.3.0.tgz#ba943bd6a486fa4cb3ca312c12646ea4dcf6cce4"
    integrity sha1-upQ71qSG+kyzyjEsEmRupNz2zOQ=
    dependencies:
      "@types/node-fetch" "^2.1.2"
      node-fetch "~2.6.1"
  
  "@tensorflow/tfjs-layers@3.3.0":
    version "3.3.0"
    resolved "https://registry.nlark.com/@tensorflow/tfjs-layers/download/@tensorflow/tfjs-layers-3.3.0.tgz#d2097c5b22ec12e5fdbe470a88ca0a34a95ca11f"
    integrity sha1-0gl8WyLsEuX9vkcKiMoKNKlcoR8=
  
  "@tensorflow/tfjs@3.3.0":
    version "3.3.0"
    resolved "https://registry.nlark.com/@tensorflow/tfjs/download/@tensorflow/tfjs-3.3.0.tgz#db92099dd48c0eb1c1673f705125d2b57496a1a3"
    integrity sha1-25IJndSMDrHBZz9wUSXStXSWoaM=
    dependencies:
      "@tensorflow/tfjs-backend-cpu" "3.3.0"
      "@tensorflow/tfjs-backend-webgl" "3.3.0"
      "@tensorflow/tfjs-converter" "3.3.0"
      "@tensorflow/tfjs-core" "3.3.0"
      "@tensorflow/tfjs-data" "3.3.0"
      "@tensorflow/tfjs-layers" "3.3.0"
      argparse "^1.0.10"
      chalk "^4.1.0"
      core-js "3"
      regenerator-runtime "^0.13.5"
      yargs "^16.0.3"
  
  "@types/history@*":
    version "4.7.9"
    resolved "https://registry.nlark.com/@types/history/download/@types/history-4.7.9.tgz?cache=0&sync_timestamp=1629708135016&other_urls=https%3A%2F%2Fregistry.nlark.com%2F%40types%2Fhistory%2Fdownload%2F%40types%2Fhistory-4.7.9.tgz#1cfb6d60ef3822c589f18e70f8b12f9a28ce8724"
    integrity sha1-HPttYO84IsWJ8Y5w+LEvmijOhyQ=
  
  "@types/json-schema@^7.0.8":
    version "7.0.9"
    resolved "https://registry.nlark.com/@types/json-schema/download/@types/json-schema-7.0.9.tgz?cache=0&sync_timestamp=1629708116786&other_urls=https%3A%2F%2Fregistry.nlark.com%2F%40types%2Fjson-schema%2Fdownload%2F%40types%2Fjson-schema-7.0.9.tgz#97edc9037ea0c38585320b28964dde3b39e4660d"
    integrity sha1-l+3JA36gw4WFMgsolk3eOznkZg0=
  
  "@types/node-fetch@^2.1.2":
    version "2.5.12"
    resolved "https://registry.nlark.com/@types/node-fetch/download/@types/node-fetch-2.5.12.tgz#8a6f779b1d4e60b7a57fb6fd48d84fb545b9cc66"
    integrity sha1-im93mx1OYLelf7b9SNhPtUW5zGY=
    dependencies:
      "@types/node" "*"
      form-data "^3.0.0"
  
  "@types/node@*":
    version "16.7.10"
    resolved "https://registry.nlark.com/@types/node/download/@types/node-16.7.10.tgz?cache=0&sync_timestamp=1630451099155&other_urls=https%3A%2F%2Fregistry.nlark.com%2F%40types%2Fnode%2Fdownload%2F%40types%2Fnode-16.7.10.tgz#7aa732cc47341c12a16b7d562f519c2383b6d4fc"
    integrity sha1-eqcyzEc0HBKha31WL1GcI4O21Pw=
  
  "@types/offscreencanvas@~2019.3.0":
    version "2019.3.0"
    resolved "https://registry.nlark.com/@types/offscreencanvas/download/@types/offscreencanvas-2019.3.0.tgz#3336428ec7e9180cf4566dfea5da04eb586a6553"
    integrity sha1-MzZCjsfpGAz0Vm3+pdoE61hqZVM=
  
  "@types/prop-types@*":
    version "15.7.4"
    resolved "https://registry.nlark.com/@types/prop-types/download/@types/prop-types-15.7.4.tgz?cache=0&sync_timestamp=1629708789374&other_urls=https%3A%2F%2Fregistry.nlark.com%2F%40types%2Fprop-types%2Fdownload%2F%40types%2Fprop-types-15.7.4.tgz#fcf7205c25dff795ee79af1e30da2c9790808f11"
    integrity sha1-/PcgXCXf95Xuea8eMNosl5CAjxE=
  
  "@types/react-dom@^17.0.0":
    version "17.0.9"
    resolved "https://registry.nlark.com/@types/react-dom/download/@types/react-dom-17.0.9.tgz?cache=0&sync_timestamp=1629708976357&other_urls=https%3A%2F%2Fregistry.nlark.com%2F%40types%2Freact-dom%2Fdownload%2F%40types%2Freact-dom-17.0.9.tgz#441a981da9d7be117042e1a6fd3dac4b30f55add"
    integrity sha1-RBqYHanXvhFwQuGm/T2sSzD1Wt0=
    dependencies:
      "@types/react" "*"
  
  "@types/react-router-dom@^5.1.8":
    version "5.1.8"
    resolved "https://registry.nlark.com/@types/react-router-dom/download/@types/react-router-dom-5.1.8.tgz?cache=0&sync_timestamp=1629708956733&other_urls=https%3A%2F%2Fregistry.nlark.com%2F%40types%2Freact-router-dom%2Fdownload%2F%40types%2Freact-router-dom-5.1.8.tgz#bf3e1c8149b3d62eaa206d58599de82df0241192"
    integrity sha1-vz4cgUmz1i6qIG1YWZ3oLfAkEZI=
    dependencies:
      "@types/history" "*"
      "@types/react" "*"
      "@types/react-router" "*"
  
  "@types/react-router@*":
    version "5.1.16"
    resolved "https://registry.nlark.com/@types/react-router/download/@types/react-router-5.1.16.tgz?cache=0&sync_timestamp=1629708953715&other_urls=https%3A%2F%2Fregistry.nlark.com%2F%40types%2Freact-router%2Fdownload%2F%40types%2Freact-router-5.1.16.tgz#f3ba045fb96634e38b21531c482f9aeb37608a99"
    integrity sha1-87oEX7lmNOOLIVMcSC+a6zdgipk=
    dependencies:
      "@types/history" "*"
      "@types/react" "*"
  
  "@types/react@*", "@types/react@^17.0.0":
    version "17.0.20"
    resolved "https://registry.nlark.com/@types/react/download/@types/react-17.0.20.tgz#a4284b184d47975c71658cd69e759b6bd37c3b8c"
    integrity sha1-pChLGE1Hl1xxZYzWnnWba9N8O4w=
    dependencies:
      "@types/prop-types" "*"
      "@types/scheduler" "*"
      csstype "^3.0.2"
  
  "@types/scheduler@*":
    version "0.16.2"
    resolved "https://registry.nlark.com/@types/scheduler/download/@types/scheduler-0.16.2.tgz?cache=0&sync_timestamp=1629709152024&other_urls=https%3A%2F%2Fregistry.nlark.com%2F%40types%2Fscheduler%2Fdownload%2F%40types%2Fscheduler-0.16.2.tgz#1a62f89525723dde24ba1b01b092bf5df8ad4d39"
    integrity sha1-GmL4lSVyPd4kuhsBsJK/XfitTTk=
  
  "@types/seedrandom@2.4.27":
    version "2.4.27"
    resolved "https://registry.nlark.com/@types/seedrandom/download/@types/seedrandom-2.4.27.tgz#9db563937dd86915f69092bc43259d2f48578e41"
    integrity sha1-nbVjk33YaRX2kJK8QyWdL0hXjkE=
  
  "@types/webgl-ext@0.0.30":
    version "0.0.30"
    resolved "https://registry.nlark.com/@types/webgl-ext/download/@types/webgl-ext-0.0.30.tgz#0ce498c16a41a23d15289e0b844d945b25f0fb9d"
    integrity sha1-DOSYwWpBoj0VKJ4LhE2UWyXw+50=
  
  "@types/webgl2@0.0.5":
    version "0.0.5"
    resolved "https://registry.nlark.com/@types/webgl2/download/@types/webgl2-0.0.5.tgz#dd925e20ab8ace80eb4b1e46fda5b109c508fb0d"
    integrity sha1-3ZJeIKuKzoDrSx5G/aWxCcUI+w0=
  
  "@vitejs/plugin-react-refresh@^1.3.1":
    version "1.3.6"
    resolved "https://registry.nlark.com/@vitejs/plugin-react-refresh/download/@vitejs/plugin-react-refresh-1.3.6.tgz#19818392db01e81746cfeb04e096ab3010e79fe3"
    integrity sha1-GYGDktsB6BdGz+sE4JarMBDnn+M=
    dependencies:
      "@babel/core" "^7.14.8"
      "@babel/plugin-transform-react-jsx-self" "^7.14.5"
      "@babel/plugin-transform-react-jsx-source" "^7.14.5"
      "@rollup/pluginutils" "^4.1.1"
      react-refresh "^0.10.0"
  
  ajv-keywords@^3.5.2:
    version "3.5.2"
    resolved "https://registry.nlark.com/ajv-keywords/download/ajv-keywords-3.5.2.tgz#31f29da5ab6e00d1c2d329acf7b5929614d5014d"
    integrity sha1-MfKdpatuANHC0yms97WSlhTVAU0=
  
  ajv@^6.12.5:
    version "6.12.6"
    resolved "https://registry.nlark.com/ajv/download/ajv-6.12.6.tgz?cache=0&sync_timestamp=1626380134544&other_urls=https%3A%2F%2Fregistry.nlark.com%2Fajv%2Fdownload%2Fajv-6.12.6.tgz#baf5a62e802b07d977034586f8c3baf5adf26df4"
    integrity sha1-uvWmLoArB9l3A0WG+MO69a3ybfQ=
    dependencies:
      fast-deep-equal "^3.1.1"
      fast-json-stable-stringify "^2.0.0"
      json-schema-traverse "^0.4.1"
      uri-js "^4.2.2"
  
  ansi-regex@^5.0.0:
    version "5.0.0"
    resolved "https://registry.nlark.com/ansi-regex/download/ansi-regex-5.0.0.tgz#388539f55179bf39339c81af30a654d69f87cb75"
    integrity sha1-OIU59VF5vzkznIGvMKZU1p+Hy3U=
  
  ansi-styles@^3.2.1:
    version "3.2.1"
    resolved "https://registry.nlark.com/ansi-styles/download/ansi-styles-3.2.1.tgz#41fbb20243e50b12be0f04b8dedbf07520ce841d"
    integrity sha1-QfuyAkPlCxK+DwS43tvwdSDOhB0=
    dependencies:
      color-convert "^1.9.0"
  
  ansi-styles@^4.0.0, ansi-styles@^4.1.0:
    version "4.3.0"
    resolved "https://registry.nlark.com/ansi-styles/download/ansi-styles-4.3.0.tgz#edd803628ae71c04c85ae7a0906edad34b648937"
    integrity sha1-7dgDYornHATIWuegkG7a00tkiTc=
    dependencies:
      color-convert "^2.0.1"
  
  anymatch@~3.1.2:
    version "3.1.2"
    resolved "https://registry.nlark.com/anymatch/download/anymatch-3.1.2.tgz#c0557c096af32f106198f4f4e2a383537e378716"
    integrity sha1-wFV8CWrzLxBhmPT04qODU343hxY=
    dependencies:
      normalize-path "^3.0.0"
      picomatch "^2.0.4"
  
  argparse@^1.0.10:
    version "1.0.10"
    resolved "https://registry.nlark.com/argparse/download/argparse-1.0.10.tgz#bcd6791ea5ae09725e17e5ad988134cd40b3d911"
    integrity sha1-vNZ5HqWuCXJeF+WtmIE0zUCz2RE=
    dependencies:
      sprintf-js "~1.0.2"
  
  array-union@^2.1.0:
    version "2.1.0"
    resolved "https://registry.npm.taobao.org/array-union/download/array-union-2.1.0.tgz#b798420adbeb1de828d84acd8a2e23d3efe85e8d"
    integrity sha1-t5hCCtvrHego2ErNii4j0+/oXo0=
  
  asynckit@^0.4.0:
    version "0.4.0"
    resolved "https://registry.nlark.com/asynckit/download/asynckit-0.4.0.tgz#c79ed97f7f34cb8f2ba1bc9790bcc366474b4b79"
    integrity sha1-x57Zf380y48robyXkLzDZkdLS3k=
  
  binary-extensions@^2.0.0:
    version "2.2.0"
    resolved "https://registry.nlark.com/binary-extensions/download/binary-extensions-2.2.0.tgz#75f502eeaf9ffde42fc98829645be4ea76bd9e2d"
    integrity sha1-dfUC7q+f/eQvyYgpZFvk6na9ni0=
  
  braces@^3.0.1, braces@~3.0.2:
    version "3.0.2"
    resolved "https://registry.nlark.com/braces/download/braces-3.0.2.tgz#3454e1a462ee8d599e236df336cd9ea4f8afe107"
    integrity sha1-NFThpGLujVmeI23zNs2epPiv4Qc=
    dependencies:
      fill-range "^7.0.1"
  
  browserslist@^4.16.6:
    version "4.17.0"
    resolved "https://registry.nlark.com/browserslist/download/browserslist-4.17.0.tgz?cache=0&sync_timestamp=1630836541147&other_urls=https%3A%2F%2Fregistry.nlark.com%2Fbrowserslist%2Fdownload%2Fbrowserslist-4.17.0.tgz#1fcd81ec75b41d6d4994fb0831b92ac18c01649c"
    integrity sha1-H82B7HW0HW1JlPsIMbkqwYwBZJw=
    dependencies:
      caniuse-lite "^1.0.30001254"
      colorette "^1.3.0"
      electron-to-chromium "^1.3.830"
      escalade "^3.1.1"
      node-releases "^1.1.75"
  
  caniuse-lite@^1.0.30001254:
    version "1.0.30001255"
    resolved "https://registry.nlark.com/caniuse-lite/download/caniuse-lite-1.0.30001255.tgz?cache=0&sync_timestamp=1630892901632&other_urls=https%3A%2F%2Fregistry.nlark.com%2Fcaniuse-lite%2Fdownload%2Fcaniuse-lite-1.0.30001255.tgz#f3b09b59ab52e39e751a569523618f47c4298ca0"
    integrity sha1-87CbWatS4551GlaVI2GPR8QpjKA=
  
  chalk@^2.0.0:
    version "2.4.2"
    resolved "https://registry.nlark.com/chalk/download/chalk-2.4.2.tgz?cache=0&sync_timestamp=1627646697260&other_urls=https%3A%2F%2Fregistry.nlark.com%2Fchalk%2Fdownload%2Fchalk-2.4.2.tgz#cd42541677a54333cf541a49108c1432b44c9424"
    integrity sha1-zUJUFnelQzPPVBpJEIwUMrRMlCQ=
    dependencies:
      ansi-styles "^3.2.1"
      escape-string-regexp "^1.0.5"
      supports-color "^5.3.0"
  
  chalk@^4.1.0:
    version "4.1.2"
    resolved "https://registry.nlark.com/chalk/download/chalk-4.1.2.tgz?cache=0&sync_timestamp=1627646697260&other_urls=https%3A%2F%2Fregistry.nlark.com%2Fchalk%2Fdownload%2Fchalk-4.1.2.tgz#aac4e2b7734a740867aeb16bf02aad556a1e7a01"
    integrity sha1-qsTit3NKdAhnrrFr8CqtVWoeegE=
    dependencies:
      ansi-styles "^4.1.0"
      supports-color "^7.1.0"
  
  "chokidar@>=3.0.0 <4.0.0":
    version "3.5.2"
    resolved "https://registry.nlark.com/chokidar/download/chokidar-3.5.2.tgz?cache=0&sync_timestamp=1623763535523&other_urls=https%3A%2F%2Fregistry.nlark.com%2Fchokidar%2Fdownload%2Fchokidar-3.5.2.tgz#dba3976fcadb016f66fd365021d91600d01c1e75"
    integrity sha1-26OXb8rbAW9m/TZQIdkWANAcHnU=
    dependencies:
      anymatch "~3.1.2"
      braces "~3.0.2"
      glob-parent "~5.1.2"
      is-binary-path "~2.1.0"
      is-glob "~4.0.1"
      normalize-path "~3.0.0"
      readdirp "~3.6.0"
    optionalDependencies:
      fsevents "~2.3.2"
  
  cliui@^7.0.2:
    version "7.0.4"
    resolved "https://registry.nlark.com/cliui/download/cliui-7.0.4.tgz#a0265ee655476fc807aea9df3df8df7783808b4f"
    integrity sha1-oCZe5lVHb8gHrqnfPfjfd4OAi08=
    dependencies:
      string-width "^4.2.0"
      strip-ansi "^6.0.0"
      wrap-ansi "^7.0.0"
  
  color-convert@^1.9.0:
    version "1.9.3"
    resolved "https://registry.npm.taobao.org/color-convert/download/color-convert-1.9.3.tgz#bb71850690e1f136567de629d2d5471deda4c1e8"
    integrity sha1-u3GFBpDh8TZWfeYp0tVHHe2kweg=
    dependencies:
      color-name "1.1.3"
  
  color-convert@^2.0.1:
    version "2.0.1"
    resolved "https://registry.npm.taobao.org/color-convert/download/color-convert-2.0.1.tgz#72d3a68d598c9bdb3af2ad1e84f21d896abd4de3"
    integrity sha1-ctOmjVmMm9s68q0ehPIdiWq9TeM=
    dependencies:
      color-name "~1.1.4"
  
  color-name@1.1.3:
    version "1.1.3"
    resolved "https://registry.nlark.com/color-name/download/color-name-1.1.3.tgz#a7d0558bd89c42f795dd42328f740831ca53bc25"
    integrity sha1-p9BVi9icQveV3UIyj3QIMcpTvCU=
  
  color-name@~1.1.4:
    version "1.1.4"
    resolved "https://registry.nlark.com/color-name/download/color-name-1.1.4.tgz#c2a09a87acbde69543de6f63fa3995c826c536a2"
    integrity sha1-wqCah6y95pVD3m9j+jmVyCbFNqI=
  
  colorette@^1.2.2, colorette@^1.3.0:
    version "1.3.0"
    resolved "https://registry.nlark.com/colorette/download/colorette-1.3.0.tgz?cache=0&sync_timestamp=1628600199068&other_urls=https%3A%2F%2Fregistry.nlark.com%2Fcolorette%2Fdownload%2Fcolorette-1.3.0.tgz#ff45d2f0edb244069d3b772adeb04fed38d0a0af"
    integrity sha1-/0XS8O2yRAadO3cq3rBP7TjQoK8=
  
  combined-stream@^1.0.8:
    version "1.0.8"
    resolved "https://registry.nlark.com/combined-stream/download/combined-stream-1.0.8.tgz#c3d45a8b34fd730631a110a8a2520682b31d5a7f"
    integrity sha1-w9RaizT9cwYxoRCoolIGgrMdWn8=
    dependencies:
      delayed-stream "~1.0.0"
  
  convert-source-map@^1.7.0:
    version "1.8.0"
    resolved "https://registry.nlark.com/convert-source-map/download/convert-source-map-1.8.0.tgz?cache=0&sync_timestamp=1624045304679&other_urls=https%3A%2F%2Fregistry.nlark.com%2Fconvert-source-map%2Fdownload%2Fconvert-source-map-1.8.0.tgz#f3373c32d21b4d780dd8004514684fb791ca4369"
    integrity sha1-8zc8MtIbTXgN2ABFFGhPt5HKQ2k=
    dependencies:
      safe-buffer "~5.1.1"
  
  copy-webpack-plugin@^8.1.1:
    version "8.1.1"
    resolved "https://registry.nlark.com/copy-webpack-plugin/download/copy-webpack-plugin-8.1.1.tgz?cache=0&sync_timestamp=1624628567065&other_urls=https%3A%2F%2Fregistry.nlark.com%2Fcopy-webpack-plugin%2Fdownload%2Fcopy-webpack-plugin-8.1.1.tgz#3f697e162764925c2f0d235f380676125508fd26"
    integrity sha1-P2l+FidkklwvDSNfOAZ2ElUI/SY=
    dependencies:
      fast-glob "^3.2.5"
      glob-parent "^5.1.1"
      globby "^11.0.3"
      normalize-path "^3.0.0"
      p-limit "^3.1.0"
      schema-utils "^3.0.0"
      serialize-javascript "^5.0.1"
  
  core-js@3:
    version "3.17.2"
    resolved "https://registry.nlark.com/core-js/download/core-js-3.17.2.tgz#f960eae710dc62c29cca93d5332e3660e289db10"
    integrity sha1-+WDq5xDcYsKcypPVMy42YOKJ2xA=
  
  csstype@^3.0.2:
    version "3.0.8"
    resolved "https://registry.nlark.com/csstype/download/csstype-3.0.8.tgz?cache=0&sync_timestamp=1618818466657&other_urls=https%3A%2F%2Fregistry.nlark.com%2Fcsstype%2Fdownload%2Fcsstype-3.0.8.tgz#d2266a792729fb227cd216fb572f43728e1ad340"
    integrity sha1-0iZqeScp+yJ80hb7Vy9Dco4a00A=
  
  debug@^4.1.0:
    version "4.3.2"
    resolved "https://registry.nlark.com/debug/download/debug-4.3.2.tgz?cache=0&sync_timestamp=1625374675284&other_urls=https%3A%2F%2Fregistry.nlark.com%2Fdebug%2Fdownload%2Fdebug-4.3.2.tgz#f0a49c18ac8779e31d4a0c6029dfb76873c7428b"
    integrity sha1-8KScGKyHeeMdSgxgKd+3aHPHQos=
    dependencies:
      ms "2.1.2"
  
  delayed-stream@~1.0.0:
    version "1.0.0"
    resolved "https://registry.npm.taobao.org/delayed-stream/download/delayed-stream-1.0.0.tgz#df3ae199acadfb7d440aaae0b29e2272b24ec619"
    integrity sha1-3zrhmayt+31ECqrgsp4icrJOxhk=
  
  dir-glob@^3.0.1:
    version "3.0.1"
    resolved "https://registry.npm.taobao.org/dir-glob/download/dir-glob-3.0.1.tgz#56dbf73d992a4a93ba1584f4534063fd2e41717f"
    integrity sha1-Vtv3PZkqSpO6FYT0U0Bj/S5BcX8=
    dependencies:
      path-type "^4.0.0"
  
  electron-to-chromium@^1.3.830:
    version "1.3.830"
    resolved "https://registry.nlark.com/electron-to-chromium/download/electron-to-chromium-1.3.830.tgz?cache=0&sync_timestamp=1630706803249&other_urls=https%3A%2F%2Fregistry.nlark.com%2Felectron-to-chromium%2Fdownload%2Felectron-to-chromium-1.3.830.tgz#40e3144204f8ca11b2cebec83cf14c20d3499236"
    integrity sha1-QOMUQgT4yhGyzr7IPPFMINNJkjY=
  
  emoji-regex@^8.0.0:
    version "8.0.0"
    resolved "https://registry.nlark.com/emoji-regex/download/emoji-regex-8.0.0.tgz#e818fd69ce5ccfcb404594f842963bf53164cc37"
    integrity sha1-6Bj9ac5cz8tARZT4QpY79TFkzDc=
  
  esbuild@^0.12.17:
    version "0.12.25"
    resolved "https://registry.nlark.com/esbuild/download/esbuild-0.12.25.tgz?cache=0&sync_timestamp=1630598715108&other_urls=https%3A%2F%2Fregistry.nlark.com%2Fesbuild%2Fdownload%2Fesbuild-0.12.25.tgz#c2131cef022cf9fe94aaa5e00110b27fc976221a"
    integrity sha1-whMc7wIs+f6UqqXgARCyf8l2Iho=
  
  escalade@^3.1.1:
    version "3.1.1"
    resolved "https://registry.nlark.com/escalade/download/escalade-3.1.1.tgz#d8cfdc7000965c5a0174b4a82eaa5c0552742e40"
    integrity sha1-2M/ccACWXFoBdLSoLqpcBVJ0LkA=
  
  escape-string-regexp@^1.0.5:
    version "1.0.5"
    resolved "https://registry.nlark.com/escape-string-regexp/download/escape-string-regexp-1.0.5.tgz#1b61c0562190a8dff6ae3bb2cf0200ca130b86d4"
    integrity sha1-G2HAViGQqN/2rjuyzwIAyhMLhtQ=
  
  estree-walker@^2.0.1:
    version "2.0.2"
    resolved "https://registry.npm.taobao.org/estree-walker/download/estree-walker-2.0.2.tgz#52f010178c2a4c117a7757cfe942adb7d2da4cac"
    integrity sha1-UvAQF4wqTBF6d1fP6UKtt9LaTKw=
  
  fast-deep-equal@^3.1.1:
    version "3.1.3"
    resolved "https://registry.npm.taobao.org/fast-deep-equal/download/fast-deep-equal-3.1.3.tgz#3a7d56b559d6cbc3eb512325244e619a65c6c525"
    integrity sha1-On1WtVnWy8PrUSMlJE5hmmXGxSU=
  
  fast-glob@^3.1.1, fast-glob@^3.2.5:
    version "3.2.7"
    resolved "https://registry.nlark.com/fast-glob/download/fast-glob-3.2.7.tgz#fd6cb7a2d7e9aa7a7846111e85a196d6b2f766a1"
    integrity sha1-/Wy3otfpqnp4RhEehaGW1rL3ZqE=
    dependencies:
      "@nodelib/fs.stat" "^2.0.2"
      "@nodelib/fs.walk" "^1.2.3"
      glob-parent "^5.1.2"
      merge2 "^1.3.0"
      micromatch "^4.0.4"
  
  fast-json-stable-stringify@^2.0.0:
    version "2.1.0"
    resolved "https://registry.npm.taobao.org/fast-json-stable-stringify/download/fast-json-stable-stringify-2.1.0.tgz#874bf69c6f404c2b5d99c481341399fd55892633"
    integrity sha1-h0v2nG9ATCtdmcSBNBOZ/VWJJjM=
  
  fastq@^1.6.0:
    version "1.12.0"
    resolved "https://registry.nlark.com/fastq/download/fastq-1.12.0.tgz#ed7b6ab5d62393fb2cc591c853652a5c318bf794"
    integrity sha1-7XtqtdYjk/ssxZHIU2UqXDGL95Q=
    dependencies:
      reusify "^1.0.4"
  
  fill-range@^7.0.1:
    version "7.0.1"
    resolved "https://registry.nlark.com/fill-range/download/fill-range-7.0.1.tgz#1919a6a7c75fe38b2c7c77e5198535da9acdda40"
    integrity sha1-GRmmp8df44ssfHflGYU12prN2kA=
    dependencies:
      to-regex-range "^5.0.1"
  
  form-data@^3.0.0:
    version "3.0.1"
    resolved "https://registry.npm.taobao.org/form-data/download/form-data-3.0.1.tgz#ebd53791b78356a99af9a300d4282c4d5eb9755f"
    integrity sha1-69U3kbeDVqma+aMA1CgsTV65dV8=
    dependencies:
      asynckit "^0.4.0"
      combined-stream "^1.0.8"
      mime-types "^2.1.12"
  
  fsevents@~2.3.2:
    version "2.3.2"
    resolved "https://registry.npm.taobao.org/fsevents/download/fsevents-2.3.2.tgz#8a526f78b8fdf4623b709e0b975c52c24c02fd1a"
    integrity sha1-ilJveLj99GI7cJ4Ll1xSwkwC/Ro=
  
  function-bind@^1.1.1:
    version "1.1.1"
    resolved "https://registry.nlark.com/function-bind/download/function-bind-1.1.1.tgz#a56899d3ea3c9bab874bb9773b7c5ede92f4895d"
    integrity sha1-pWiZ0+o8m6uHS7l3O3xe3pL0iV0=
  
  gensync@^1.0.0-beta.2:
    version "1.0.0-beta.2"
    resolved "https://registry.nlark.com/gensync/download/gensync-1.0.0-beta.2.tgz#32a6ee76c3d7f52d46b2b1ae5d93fea8580a25e0"
    integrity sha1-MqbudsPX9S1GsrGuXZP+qFgKJeA=
  
  get-caller-file@^2.0.5:
    version "2.0.5"
    resolved "https://registry.npm.taobao.org/get-caller-file/download/get-caller-file-2.0.5.tgz#4f94412a82db32f36e3b0b9741f8a97feb031f7e"
    integrity sha1-T5RBKoLbMvNuOwuXQfipf+sDH34=
  
  glob-parent@^5.1.1, glob-parent@^5.1.2, glob-parent@~5.1.2:
    version "5.1.2"
    resolved "https://registry.nlark.com/glob-parent/download/glob-parent-5.1.2.tgz?cache=0&sync_timestamp=1626760200164&other_urls=https%3A%2F%2Fregistry.nlark.com%2Fglob-parent%2Fdownload%2Fglob-parent-5.1.2.tgz#869832c58034fe68a4093c17dc15e8340d8401c4"
    integrity sha1-hpgyxYA0/mikCTwX3BXoNA2EAcQ=
    dependencies:
      is-glob "^4.0.1"
  
  globals@^11.1.0:
    version "11.12.0"
    resolved "https://registry.nlark.com/globals/download/globals-11.12.0.tgz?cache=0&sync_timestamp=1628810148451&other_urls=https%3A%2F%2Fregistry.nlark.com%2Fglobals%2Fdownload%2Fglobals-11.12.0.tgz#ab8795338868a0babd8525758018c2a7eb95c42e"
    integrity sha1-q4eVM4hooLq9hSV1gBjCp+uVxC4=
  
  globby@^11.0.3:
    version "11.0.4"
    resolved "https://registry.nlark.com/globby/download/globby-11.0.4.tgz#2cbaff77c2f2a62e71e9b2813a67b97a3a3001a5"
    integrity sha1-LLr/d8Lypi5x6bKBOme5ejowAaU=
    dependencies:
      array-union "^2.1.0"
      dir-glob "^3.0.1"
      fast-glob "^3.1.1"
      ignore "^5.1.4"
      merge2 "^1.3.0"
      slash "^3.0.0"
  
  handtrackjs@^0.1.5:
    version "0.1.5"
    resolved "https://registry.nlark.com/handtrackjs/download/handtrackjs-0.1.5.tgz#1ab380ccd0ea9a60257aaf125340c762f6990c8c"
    integrity sha1-GrOAzNDqmmAleq8SU0DHYvaZDIw=
    dependencies:
      "@tensorflow/tfjs" "3.3.0"
      "@tensorflow/tfjs-converter" "3.3.0"
      copy-webpack-plugin "^8.1.1"
  
  has-flag@^3.0.0:
    version "3.0.0"
    resolved "https://registry.nlark.com/has-flag/download/has-flag-3.0.0.tgz#b5d454dc2199ae225699f3467e5a07f3b955bafd"
    integrity sha1-tdRU3CGZriJWmfNGfloH87lVuv0=
  
  has-flag@^4.0.0:
    version "4.0.0"
    resolved "https://registry.nlark.com/has-flag/download/has-flag-4.0.0.tgz#944771fd9c81c81265c4d6941860da06bb59479b"
    integrity sha1-lEdx/ZyByBJlxNaUGGDaBrtZR5s=
  
  has@^1.0.3:
    version "1.0.3"
    resolved "https://registry.nlark.com/has/download/has-1.0.3.tgz#722d7cbfc1f6aa8241f16dd814e011e1f41e8796"
    integrity sha1-ci18v8H2qoJB8W3YFOAR4fQeh5Y=
    dependencies:
      function-bind "^1.1.1"
  
  history@^4.9.0:
    version "4.10.1"
    resolved "https://registry.nlark.com/history/download/history-4.10.1.tgz?cache=0&sync_timestamp=1628892318943&other_urls=https%3A%2F%2Fregistry.nlark.com%2Fhistory%2Fdownload%2Fhistory-4.10.1.tgz#33371a65e3a83b267434e2b3f3b1b4c58aad4cf3"
    integrity sha1-MzcaZeOoOyZ0NOKz87G0xYqtTPM=
    dependencies:
      "@babel/runtime" "^7.1.2"
      loose-envify "^1.2.0"
      resolve-pathname "^3.0.0"
      tiny-invariant "^1.0.2"
      tiny-warning "^1.0.0"
      value-equal "^1.0.1"
  
  hoist-non-react-statics@^3.1.0:
    version "3.3.2"
    resolved "https://registry.npm.taobao.org/hoist-non-react-statics/download/hoist-non-react-statics-3.3.2.tgz#ece0acaf71d62c2969c2ec59feff42a4b1a85b45"
    integrity sha1-7OCsr3HWLClpwuxZ/v9CpLGoW0U=
    dependencies:
      react-is "^16.7.0"
  
  ignore@^5.1.4:
    version "5.1.8"
    resolved "https://registry.nlark.com/ignore/download/ignore-5.1.8.tgz#f150a8b50a34289b33e22f5889abd4d8016f0e57"
    integrity sha1-8VCotQo0KJsz4i9YiavU2AFvDlc=
  
  is-binary-path@~2.1.0:
    version "2.1.0"
    resolved "https://registry.nlark.com/is-binary-path/download/is-binary-path-2.1.0.tgz#ea1f7f3b80f064236e83470f86c09c254fb45b09"
    integrity sha1-6h9/O4DwZCNug0cPhsCcJU+0Wwk=
    dependencies:
      binary-extensions "^2.0.0"
  
  is-core-module@^2.2.0:
    version "2.6.0"
    resolved "https://registry.nlark.com/is-core-module/download/is-core-module-2.6.0.tgz?cache=0&sync_timestamp=1629224656971&other_urls=https%3A%2F%2Fregistry.nlark.com%2Fis-core-module%2Fdownload%2Fis-core-module-2.6.0.tgz#d7553b2526fe59b92ba3e40c8df757ec8a709e19"
    integrity sha1-11U7JSb+Wbkro+QMjfdX7Ipwnhk=
    dependencies:
      has "^1.0.3"
  
  is-extglob@^2.1.1:
    version "2.1.1"
    resolved "https://registry.nlark.com/is-extglob/download/is-extglob-2.1.1.tgz#a88c02535791f02ed37c76a1b9ea9773c833f8c2"
    integrity sha1-qIwCU1eR8C7TfHahueqXc8gz+MI=
  
  is-fullwidth-code-point@^3.0.0:
    version "3.0.0"
    resolved "https://registry.npm.taobao.org/is-fullwidth-code-point/download/is-fullwidth-code-point-3.0.0.tgz#f116f8064fe90b3f7844a38997c0b75051269f1d"
    integrity sha1-8Rb4Bk/pCz94RKOJl8C3UFEmnx0=
  
  is-glob@^4.0.1, is-glob@~4.0.1:
    version "4.0.1"
    resolved "https://registry.nlark.com/is-glob/download/is-glob-4.0.1.tgz#7567dbe9f2f5e2467bc77ab83c4a29482407a5dc"
    integrity sha1-dWfb6fL14kZ7x3q4PEopSCQHpdw=
    dependencies:
      is-extglob "^2.1.1"
  
  is-number@^7.0.0:
    version "7.0.0"
    resolved "https://registry.nlark.com/is-number/download/is-number-7.0.0.tgz#7535345b896734d5f80c4d06c50955527a14f12b"
    integrity sha1-dTU0W4lnNNX4DE0GxQlVUnoU8Ss=
  
  isarray@0.0.1:
    version "0.0.1"
    resolved "https://registry.npm.taobao.org/isarray/download/isarray-0.0.1.tgz#8a18acfca9a8f4177e09abfc6038939b05d1eedf"
    integrity sha1-ihis/Kmo9Bd+Cav8YDiTmwXR7t8=
  
  "js-tokens@^3.0.0 || ^4.0.0", js-tokens@^4.0.0:
    version "4.0.0"
    resolved "https://registry.nlark.com/js-tokens/download/js-tokens-4.0.0.tgz?cache=0&sync_timestamp=1619345098261&other_urls=https%3A%2F%2Fregistry.nlark.com%2Fjs-tokens%2Fdownload%2Fjs-tokens-4.0.0.tgz#19203fb59991df98e3a287050d4647cdeaf32499"
    integrity sha1-GSA/tZmR35jjoocFDUZHzerzJJk=
  
  jsesc@^2.5.1:
    version "2.5.2"
    resolved "https://registry.nlark.com/jsesc/download/jsesc-2.5.2.tgz#80564d2e483dacf6e8ef209650a67df3f0c283a4"
    integrity sha1-gFZNLkg9rPbo7yCWUKZ98/DCg6Q=
  
  json-schema-traverse@^0.4.1:
    version "0.4.1"
    resolved "https://registry.nlark.com/json-schema-traverse/download/json-schema-traverse-0.4.1.tgz#69f6a87d9513ab8bb8fe63bdb0979c448e684660"
    integrity sha1-afaofZUTq4u4/mO9sJecRI5oRmA=
  
  json5@^2.1.2:
    version "2.2.0"
    resolved "https://registry.npm.taobao.org/json5/download/json5-2.2.0.tgz#2dfefe720c6ba525d9ebd909950f0515316c89a3"
    integrity sha1-Lf7+cgxrpSXZ69kJlQ8FFTFsiaM=
    dependencies:
      minimist "^1.2.5"
  
  loose-envify@^1.1.0, loose-envify@^1.2.0, loose-envify@^1.3.1, loose-envify@^1.4.0:
    version "1.4.0"
    resolved "https://registry.nlark.com/loose-envify/download/loose-envify-1.4.0.tgz#71ee51fa7be4caec1a63839f7e682d8132d30caf"
    integrity sha1-ce5R+nvkyuwaY4OffmgtgTLTDK8=
    dependencies:
      js-tokens "^3.0.0 || ^4.0.0"
  
  merge2@^1.3.0:
    version "1.4.1"
    resolved "https://registry.npm.taobao.org/merge2/download/merge2-1.4.1.tgz#4368892f885e907455a6fd7dc55c0c9d404990ae"
    integrity sha1-Q2iJL4hekHRVpv19xVwMnUBJkK4=
  
  micromatch@^4.0.4:
    version "4.0.4"
    resolved "https://registry.nlark.com/micromatch/download/micromatch-4.0.4.tgz#896d519dfe9db25fce94ceb7a500919bf881ebf9"
    integrity sha1-iW1Rnf6dsl/OlM63pQCRm/iB6/k=
    dependencies:
      braces "^3.0.1"
      picomatch "^2.2.3"
  
  mime-db@1.49.0:
    version "1.49.0"
    resolved "https://registry.nlark.com/mime-db/download/mime-db-1.49.0.tgz#f3dfde60c99e9cf3bc9701d687778f537001cbed"
    integrity sha1-89/eYMmenPO8lwHWh3ePU3ABy+0=
  
  mime-types@^2.1.12:
    version "2.1.32"
    resolved "https://registry.nlark.com/mime-types/download/mime-types-2.1.32.tgz?cache=0&sync_timestamp=1627407819001&other_urls=https%3A%2F%2Fregistry.nlark.com%2Fmime-types%2Fdownload%2Fmime-types-2.1.32.tgz#1d00e89e7de7fe02008db61001d9e02852670fd5"
    integrity sha1-HQDonn3n/gIAjbYQAdngKFJnD9U=
    dependencies:
      mime-db "1.49.0"
  
  mini-create-react-context@^0.4.0:
    version "0.4.1"
    resolved "https://registry.npm.taobao.org/mini-create-react-context/download/mini-create-react-context-0.4.1.tgz#072171561bfdc922da08a60c2197a497cc2d1d5e"
    integrity sha1-ByFxVhv9ySLaCKYMIZekl8wtHV4=
    dependencies:
      "@babel/runtime" "^7.12.1"
      tiny-warning "^1.0.3"
  
  minimist@^1.2.5:
    version "1.2.5"
    resolved "https://registry.nlark.com/minimist/download/minimist-1.2.5.tgz?cache=0&sync_timestamp=1618847017774&other_urls=https%3A%2F%2Fregistry.nlark.com%2Fminimist%2Fdownload%2Fminimist-1.2.5.tgz#67d66014b66a6a8aaa0c083c5fd58df4e4e97602"
    integrity sha1-Z9ZgFLZqaoqqDAg8X9WN9OTpdgI=
  
  ms@2.1.2:
    version "2.1.2"
    resolved "https://registry.nlark.com/ms/download/ms-2.1.2.tgz#d09d1f357b443f493382a8eb3ccd183872ae6009"
    integrity sha1-0J0fNXtEP0kzgqjrPM0YOHKuYAk=
  
  nanoid@^3.1.23:
    version "3.1.25"
    resolved "https://registry.nlark.com/nanoid/download/nanoid-3.1.25.tgz?cache=0&sync_timestamp=1628771925127&other_urls=https%3A%2F%2Fregistry.nlark.com%2Fnanoid%2Fdownload%2Fnanoid-3.1.25.tgz#09ca32747c0e543f0e1814b7d3793477f9c8e152"
    integrity sha1-CcoydHwOVD8OGBS303k0d/nI4VI=
  
  node-fetch@~2.6.1:
    version "2.6.1"
    resolved "https://registry.nlark.com/node-fetch/download/node-fetch-2.6.1.tgz?cache=0&sync_timestamp=1630426994439&other_urls=https%3A%2F%2Fregistry.nlark.com%2Fnode-fetch%2Fdownload%2Fnode-fetch-2.6.1.tgz#045bd323631f76ed2e2b55573394416b639a0052"
    integrity sha1-BFvTI2Mfdu0uK1VXM5RBa2OaAFI=
  
  node-releases@^1.1.75:
    version "1.1.75"
    resolved "https://registry.nlark.com/node-releases/download/node-releases-1.1.75.tgz?cache=0&sync_timestamp=1629280398871&other_urls=https%3A%2F%2Fregistry.nlark.com%2Fnode-releases%2Fdownload%2Fnode-releases-1.1.75.tgz#6dd8c876b9897a1b8e5a02de26afa79bb54ebbfe"
    integrity sha1-bdjIdrmJehuOWgLeJq+nm7VOu/4=
  
  normalize-path@^3.0.0, normalize-path@~3.0.0:
    version "3.0.0"
    resolved "https://registry.npm.taobao.org/normalize-path/download/normalize-path-3.0.0.tgz#0dcd69ff23a1c9b11fd0978316644a0388216a65"
    integrity sha1-Dc1p/yOhybEf0JeDFmRKA4ghamU=
  
  object-assign@^4.1.1:
    version "4.1.1"
    resolved "https://registry.nlark.com/object-assign/download/object-assign-4.1.1.tgz?cache=0&sync_timestamp=1618847043548&other_urls=https%3A%2F%2Fregistry.nlark.com%2Fobject-assign%2Fdownload%2Fobject-assign-4.1.1.tgz#2109adc7965887cfc05cbbd442cac8bfbb360863"
    integrity sha1-IQmtx5ZYh8/AXLvUQsrIv7s2CGM=
  
  p-limit@^3.1.0:
    version "3.1.0"
    resolved "https://registry.nlark.com/p-limit/download/p-limit-3.1.0.tgz?cache=0&sync_timestamp=1628812721654&other_urls=https%3A%2F%2Fregistry.nlark.com%2Fp-limit%2Fdownload%2Fp-limit-3.1.0.tgz#e1daccbe78d0d1388ca18c64fea38e3e57e3706b"
    integrity sha1-4drMvnjQ0TiMoYxk/qOOPlfjcGs=
    dependencies:
      yocto-queue "^0.1.0"
  
  path-parse@^1.0.6:
    version "1.0.7"
    resolved "https://registry.nlark.com/path-parse/download/path-parse-1.0.7.tgz#fbc114b60ca42b30d9daf5858e4bd68bbedb6735"
    integrity sha1-+8EUtgykKzDZ2vWFjkvWi77bZzU=
  
  path-to-regexp@^1.7.0:
    version "1.8.0"
    resolved "https://registry.npm.taobao.org/path-to-regexp/download/path-to-regexp-1.8.0.tgz#887b3ba9d84393e87a0a0b9f4cb756198b53548a"
    integrity sha1-iHs7qdhDk+h6CgufTLdWGYtTVIo=
    dependencies:
      isarray "0.0.1"
  
  path-type@^4.0.0:
    version "4.0.0"
    resolved "https://registry.npm.taobao.org/path-type/download/path-type-4.0.0.tgz#84ed01c0a7ba380afe09d90a8c180dcd9d03043b"
    integrity sha1-hO0BwKe6OAr+CdkKjBgNzZ0DBDs=
  
  picomatch@^2.0.4, picomatch@^2.2.1, picomatch@^2.2.2, picomatch@^2.2.3:
    version "2.3.0"
    resolved "https://registry.nlark.com/picomatch/download/picomatch-2.3.0.tgz?cache=0&sync_timestamp=1621648246651&other_urls=https%3A%2F%2Fregistry.nlark.com%2Fpicomatch%2Fdownload%2Fpicomatch-2.3.0.tgz#f1f061de8f6a4bf022892e2d128234fb98302972"
    integrity sha1-8fBh3o9qS/AiiS4tEoI0+5gwKXI=
  
  postcss@^8.3.6:
    version "8.3.6"
    resolved "https://registry.nlark.com/postcss/download/postcss-8.3.6.tgz?cache=0&sync_timestamp=1626882960231&other_urls=https%3A%2F%2Fregistry.nlark.com%2Fpostcss%2Fdownload%2Fpostcss-8.3.6.tgz#2730dd76a97969f37f53b9a6096197be311cc4ea"
    integrity sha1-JzDddql5afN/U7mmCWGXvjEcxOo=
    dependencies:
      colorette "^1.2.2"
      nanoid "^3.1.23"
      source-map-js "^0.6.2"
  
  prop-types@^15.6.2:
    version "15.7.2"
    resolved "https://registry.nlark.com/prop-types/download/prop-types-15.7.2.tgz#52c41e75b8c87e72b9d9360e0206b99dcbffa6c5"
    integrity sha1-UsQedbjIfnK52TYOAga5ncv/psU=
    dependencies:
      loose-envify "^1.4.0"
      object-assign "^4.1.1"
      react-is "^16.8.1"
  
  punycode@^2.1.0:
    version "2.1.1"
    resolved "https://registry.nlark.com/punycode/download/punycode-2.1.1.tgz#b58b010ac40c22c5657616c8d2c2c02c7bf479ec"
    integrity sha1-tYsBCsQMIsVldhbI0sLALHv0eew=
  
  queue-microtask@^1.2.2:
    version "1.2.3"
    resolved "https://registry.nlark.com/queue-microtask/download/queue-microtask-1.2.3.tgz#4929228bbc724dfac43e0efb058caf7b6cfb6243"
    integrity sha1-SSkii7xyTfrEPg77BYyve2z7YkM=
  
  randombytes@^2.1.0:
    version "2.1.0"
    resolved "https://registry.npm.taobao.org/randombytes/download/randombytes-2.1.0.tgz#df6f84372f0270dc65cdf6291349ab7a473d4f2a"
    integrity sha1-32+ENy8CcNxlzfYpE0mrekc9Tyo=
    dependencies:
      safe-buffer "^5.1.0"
  
  react-dom@^17.0.0:
    version "17.0.2"
    resolved "https://registry.nlark.com/react-dom/download/react-dom-17.0.2.tgz?cache=0&sync_timestamp=1630599517431&other_urls=https%3A%2F%2Fregistry.nlark.com%2Freact-dom%2Fdownload%2Freact-dom-17.0.2.tgz#ecffb6845e3ad8dbfcdc498f0d0a939736502c23"
    integrity sha1-7P+2hF462Nv83EmPDQqTlzZQLCM=
    dependencies:
      loose-envify "^1.1.0"
      object-assign "^4.1.1"
      scheduler "^0.20.2"
  
  react-is@^16.6.0, react-is@^16.7.0, react-is@^16.8.1:
    version "16.13.1"
    resolved "https://registry.nlark.com/react-is/download/react-is-16.13.1.tgz?cache=0&sync_timestamp=1630599524163&other_urls=https%3A%2F%2Fregistry.nlark.com%2Freact-is%2Fdownload%2Freact-is-16.13.1.tgz#789729a4dc36de2999dc156dd6c1d9c18cea56a4"
    integrity sha1-eJcppNw23imZ3BVt1sHZwYzqVqQ=
  
  react-refresh@^0.10.0:
    version "0.10.0"
    resolved "https://registry.nlark.com/react-refresh/download/react-refresh-0.10.0.tgz?cache=0&sync_timestamp=1630599528378&other_urls=https%3A%2F%2Fregistry.nlark.com%2Freact-refresh%2Fdownload%2Freact-refresh-0.10.0.tgz#2f536c9660c0b9b1d500684d9e52a65e7404f7e3"
    integrity sha1-L1NslmDAubHVAGhNnlKmXnQE9+M=
  
  react-router-dom@^5.3.0:
    version "5.3.0"
    resolved "https://registry.nlark.com/react-router-dom/download/react-router-dom-5.3.0.tgz?cache=0&sync_timestamp=1630706870957&other_urls=https%3A%2F%2Fregistry.nlark.com%2Freact-router-dom%2Fdownload%2Freact-router-dom-5.3.0.tgz#da1bfb535a0e89a712a93b97dd76f47ad1f32363"
    integrity sha1-2hv7U1oOiacSqTuX3Xb0etHzI2M=
    dependencies:
      "@babel/runtime" "^7.12.13"
      history "^4.9.0"
      loose-envify "^1.3.1"
      prop-types "^15.6.2"
      react-router "5.2.1"
      tiny-invariant "^1.0.2"
      tiny-warning "^1.0.0"
  
  react-router@5.2.1, react-router@^5.2.1:
    version "5.2.1"
    resolved "https://registry.nlark.com/react-router/download/react-router-5.2.1.tgz?cache=0&other_urls=https%3A%2F%2Fregistry.nlark.com%2Freact-router%2Fdownload%2Freact-router-5.2.1.tgz#4d2e4e9d5ae9425091845b8dbc6d9d276239774d"
    integrity sha1-TS5OnVrpQlCRhFuNvG2dJ2I5d00=
    dependencies:
      "@babel/runtime" "^7.12.13"
      history "^4.9.0"
      hoist-non-react-statics "^3.1.0"
      loose-envify "^1.3.1"
      mini-create-react-context "^0.4.0"
      path-to-regexp "^1.7.0"
      prop-types "^15.6.2"
      react-is "^16.6.0"
      tiny-invariant "^1.0.2"
      tiny-warning "^1.0.0"
  
  react@^17.0.0:
    version "17.0.2"
    resolved "https://registry.nlark.com/react/download/react-17.0.2.tgz?cache=0&sync_timestamp=1630599511706&other_urls=https%3A%2F%2Fregistry.nlark.com%2Freact%2Fdownload%2Freact-17.0.2.tgz#d0b5cc516d29eb3eee383f75b62864cfb6800037"
    integrity sha1-0LXMUW0p6z7uOD91tihkz7aAADc=
    dependencies:
      loose-envify "^1.1.0"
      object-assign "^4.1.1"
  
  readdirp@~3.6.0:
    version "3.6.0"
    resolved "https://registry.nlark.com/readdirp/download/readdirp-3.6.0.tgz#74a370bd857116e245b29cc97340cd431a02a6c7"
    integrity sha1-dKNwvYVxFuJFspzJc0DNQxoCpsc=
    dependencies:
      picomatch "^2.2.1"
  
  regenerator-runtime@^0.13.4, regenerator-runtime@^0.13.5:
    version "0.13.9"
    resolved "https://registry.nlark.com/regenerator-runtime/download/regenerator-runtime-0.13.9.tgz?cache=0&sync_timestamp=1626993001371&other_urls=https%3A%2F%2Fregistry.nlark.com%2Fregenerator-runtime%2Fdownload%2Fregenerator-runtime-0.13.9.tgz#8925742a98ffd90814988d7566ad30ca3b263b52"
    integrity sha1-iSV0Kpj/2QgUmI11Zq0wyjsmO1I=
  
  require-directory@^2.1.1:
    version "2.1.1"
    resolved "https://registry.nlark.com/require-directory/download/require-directory-2.1.1.tgz#8c64ad5fd30dab1c976e2344ffe7f792a6a6df42"
    integrity sha1-jGStX9MNqxyXbiNE/+f3kqam30I=
  
  resolve-pathname@^3.0.0:
    version "3.0.0"
    resolved "https://registry.nlark.com/resolve-pathname/download/resolve-pathname-3.0.0.tgz#99d02224d3cf263689becbb393bc560313025dcd"
    integrity sha1-mdAiJNPPJjaJvsuzk7xWAxMCXc0=
  
  resolve@^1.20.0:
    version "1.20.0"
    resolved "https://registry.nlark.com/resolve/download/resolve-1.20.0.tgz#629a013fb3f70755d6f0b7935cc1c2c5378b1975"
    integrity sha1-YpoBP7P3B1XW8LeTXMHCxTeLGXU=
    dependencies:
      is-core-module "^2.2.0"
      path-parse "^1.0.6"
  
  reusify@^1.0.4:
    version "1.0.4"
    resolved "https://registry.nlark.com/reusify/download/reusify-1.0.4.tgz#90da382b1e126efc02146e90845a88db12925d76"
    integrity sha1-kNo4Kx4SbvwCFG6QhFqI2xKSXXY=
  
  rollup@^2.38.5:
    version "2.56.3"
    resolved "https://registry.nlark.com/rollup/download/rollup-2.56.3.tgz#b63edadd9851b0d618a6d0e6af8201955a77aeff"
    integrity sha1-tj7a3ZhRsNYYptDmr4IBlVp3rv8=
    optionalDependencies:
      fsevents "~2.3.2"
  
  run-parallel@^1.1.9:
    version "1.2.0"
    resolved "https://registry.npm.taobao.org/run-parallel/download/run-parallel-1.2.0.tgz#66d1368da7bdf921eb9d95bd1a9229e7f21a43ee"
    integrity sha1-ZtE2jae9+SHrnZW9GpIp5/IaQ+4=
    dependencies:
      queue-microtask "^1.2.2"
  
  safe-buffer@^5.1.0:
    version "5.2.1"
    resolved "https://registry.npm.taobao.org/safe-buffer/download/safe-buffer-5.2.1.tgz#1eaf9fa9bdb1fdd4ec75f58f9cdb4e6b7827eec6"
    integrity sha1-Hq+fqb2x/dTsdfWPnNtOa3gn7sY=
  
  safe-buffer@~5.1.1:
    version "5.1.2"
    resolved "https://registry.npm.taobao.org/safe-buffer/download/safe-buffer-5.1.2.tgz#991ec69d296e0313747d59bdfd2b745c35f8828d"
    integrity sha1-mR7GnSluAxN0fVm9/St0XDX4go0=
  
  sass@^1.39.0:
    version "1.39.0"
    resolved "https://registry.nlark.com/sass/download/sass-1.39.0.tgz?cache=0&sync_timestamp=1630545006336&other_urls=https%3A%2F%2Fregistry.nlark.com%2Fsass%2Fdownload%2Fsass-1.39.0.tgz#6c64695d1c437767c8f1a4e471288e831f81d035"
    integrity sha1-bGRpXRxDd2fI8aTkcSiOgx+B0DU=
    dependencies:
      chokidar ">=3.0.0 <4.0.0"
  
  scheduler@^0.20.2:
    version "0.20.2"
    resolved "https://registry.nlark.com/scheduler/download/scheduler-0.20.2.tgz#4baee39436e34aa93b4874bddcbf0fe8b8b50e91"
    integrity sha1-S67jlDbjSqk7SHS93L8P6Li1DpE=
    dependencies:
      loose-envify "^1.1.0"
      object-assign "^4.1.1"
  
  schema-utils@^3.0.0:
    version "3.1.1"
    resolved "https://registry.nlark.com/schema-utils/download/schema-utils-3.1.1.tgz?cache=0&sync_timestamp=1626694740261&other_urls=https%3A%2F%2Fregistry.nlark.com%2Fschema-utils%2Fdownload%2Fschema-utils-3.1.1.tgz#bc74c4b6b6995c1d88f76a8b77bea7219e0c8281"
    integrity sha1-vHTEtraZXB2I92qLd76nIZ4MgoE=
    dependencies:
      "@types/json-schema" "^7.0.8"
      ajv "^6.12.5"
      ajv-keywords "^3.5.2"
  
  seedrandom@2.4.3:
    version "2.4.3"
    resolved "https://registry.npm.taobao.org/seedrandom/download/seedrandom-2.4.3.tgz#2438504dad33917314bff18ac4d794f16d6aaecc"
    integrity sha1-JDhQTa0zkXMUv/GKxNeU8W1qrsw=
  
  semver@^6.3.0:
    version "6.3.0"
    resolved "https://registry.nlark.com/semver/download/semver-6.3.0.tgz?cache=0&sync_timestamp=1618847119601&other_urls=https%3A%2F%2Fregistry.nlark.com%2Fsemver%2Fdownload%2Fsemver-6.3.0.tgz#ee0a64c8af5e8ceea67687b133761e1becbd1d3d"
    integrity sha1-7gpkyK9ejO6mdoexM3YeG+y9HT0=
  
  serialize-javascript@^5.0.1:
    version "5.0.1"
    resolved "https://registry.nlark.com/serialize-javascript/download/serialize-javascript-5.0.1.tgz#7886ec848049a462467a97d3d918ebb2aaf934f4"
    integrity sha1-eIbshIBJpGJGepfT2Rjrsqr5NPQ=
    dependencies:
      randombytes "^2.1.0"
  
  slash@^3.0.0:
    version "3.0.0"
    resolved "https://registry.nlark.com/slash/download/slash-3.0.0.tgz#6539be870c165adbd5240220dbe361f1bc4d4634"
    integrity sha1-ZTm+hwwWWtvVJAIg2+Nh8bxNRjQ=
  
  source-map-js@^0.6.2:
    version "0.6.2"
    resolved "https://registry.npm.taobao.org/source-map-js/download/source-map-js-0.6.2.tgz#0bb5de631b41cfbda6cfba8bd05a80efdfd2385e"
    integrity sha1-C7XeYxtBz72mz7qL0FqA79/SOF4=
  
  source-map@^0.5.0:
    version "0.5.7"
    resolved "https://registry.nlark.com/source-map/download/source-map-0.5.7.tgz#8a039d2d1021d22d1ea14c80d8ea468ba2ef3fcc"
    integrity sha1-igOdLRAh0i0eoUyA2OpGi6LvP8w=
  
  sprintf-js@~1.0.2:
    version "1.0.3"
    resolved "https://registry.nlark.com/sprintf-js/download/sprintf-js-1.0.3.tgz?cache=0&sync_timestamp=1618847174560&other_urls=https%3A%2F%2Fregistry.nlark.com%2Fsprintf-js%2Fdownload%2Fsprintf-js-1.0.3.tgz#04e6926f662895354f3dd015203633b857297e2c"
    integrity sha1-BOaSb2YolTVPPdAVIDYzuFcpfiw=
  
  string-width@^4.1.0, string-width@^4.2.0:
    version "4.2.2"
    resolved "https://registry.nlark.com/string-width/download/string-width-4.2.2.tgz#dafd4f9559a7585cfba529c6a0a4f73488ebd4c5"
    integrity sha1-2v1PlVmnWFz7pSnGoKT3NIjr1MU=
    dependencies:
      emoji-regex "^8.0.0"
      is-fullwidth-code-point "^3.0.0"
      strip-ansi "^6.0.0"
  
  strip-ansi@^6.0.0:
    version "6.0.0"
    resolved "https://registry.nlark.com/strip-ansi/download/strip-ansi-6.0.0.tgz#0b1571dd7669ccd4f3e06e14ef1eed26225ae532"
    integrity sha1-CxVx3XZpzNTz4G4U7x7tJiJa5TI=
    dependencies:
      ansi-regex "^5.0.0"
  
  supports-color@^5.3.0:
    version "5.5.0"
    resolved "https://registry.nlark.com/supports-color/download/supports-color-5.5.0.tgz?cache=0&sync_timestamp=1626703342506&other_urls=https%3A%2F%2Fregistry.nlark.com%2Fsupports-color%2Fdownload%2Fsupports-color-5.5.0.tgz#e2e69a44ac8772f78a1ec0b35b689df6530efc8f"
    integrity sha1-4uaaRKyHcveKHsCzW2id9lMO/I8=
    dependencies:
      has-flag "^3.0.0"
  
  supports-color@^7.1.0:
    version "7.2.0"
    resolved "https://registry.nlark.com/supports-color/download/supports-color-7.2.0.tgz?cache=0&sync_timestamp=1626703342506&other_urls=https%3A%2F%2Fregistry.nlark.com%2Fsupports-color%2Fdownload%2Fsupports-color-7.2.0.tgz#1b7dcdcb32b8138801b3e478ba6a51caa89648da"
    integrity sha1-G33NyzK4E4gBs+R4umpRyqiWSNo=
    dependencies:
      has-flag "^4.0.0"
  
  tiny-invariant@^1.0.2:
    version "1.1.0"
    resolved "https://registry.npm.taobao.org/tiny-invariant/download/tiny-invariant-1.1.0.tgz#634c5f8efdc27714b7f386c35e6760991d230875"
    integrity sha1-Y0xfjv3CdxS384bDXmdgmR0jCHU=
  
  tiny-warning@^1.0.0, tiny-warning@^1.0.3:
    version "1.0.3"
    resolved "https://registry.nlark.com/tiny-warning/download/tiny-warning-1.0.3.tgz#94a30db453df4c643d0fd566060d60a875d84754"
    integrity sha1-lKMNtFPfTGQ9D9VmBg1gqHXYR1Q=
  
  to-fast-properties@^2.0.0:
    version "2.0.0"
    resolved "https://registry.nlark.com/to-fast-properties/download/to-fast-properties-2.0.0.tgz?cache=0&sync_timestamp=1628418893613&other_urls=https%3A%2F%2Fregistry.nlark.com%2Fto-fast-properties%2Fdownload%2Fto-fast-properties-2.0.0.tgz#dc5e698cbd079265bc73e0377681a4e4e83f616e"
    integrity sha1-3F5pjL0HkmW8c+A3doGk5Og/YW4=
  
  to-regex-range@^5.0.1:
    version "5.0.1"
    resolved "https://registry.nlark.com/to-regex-range/download/to-regex-range-5.0.1.tgz#1648c44aae7c8d988a326018ed72f5b4dd0392e4"
    integrity sha1-FkjESq58jZiKMmAY7XL1tN0DkuQ=
    dependencies:
      is-number "^7.0.0"
  
  typescript@^4.3.2:
    version "4.4.2"
    resolved "https://registry.nlark.com/typescript/download/typescript-4.4.2.tgz#6d618640d430e3569a1dfb44f7d7e600ced3ee86"
    integrity sha1-bWGGQNQw41aaHftE99fmAM7T7oY=
  
  uri-js@^4.2.2:
    version "4.4.1"
    resolved "https://registry.nlark.com/uri-js/download/uri-js-4.4.1.tgz#9b1a52595225859e55f669d928f88c6c57f2a77e"
    integrity sha1-mxpSWVIlhZ5V9mnZKPiMbFfyp34=
    dependencies:
      punycode "^2.1.0"
  
  value-equal@^1.0.1:
    version "1.0.1"
    resolved "https://registry.nlark.com/value-equal/download/value-equal-1.0.1.tgz#1e0b794c734c5c0cade179c437d356d931a34d6c"
    integrity sha1-Hgt5THNMXAyt4XnEN9NW2TGjTWw=
  
  vite@^2.5.2:
    version "2.5.3"
    resolved "https://registry.nlark.com/vite/download/vite-2.5.3.tgz?cache=0&sync_timestamp=1630502305826&other_urls=https%3A%2F%2Fregistry.nlark.com%2Fvite%2Fdownload%2Fvite-2.5.3.tgz#88d40a9efb9bec66bd87a7676c5689f35ff63742"
    integrity sha1-iNQKnvub7Ga9h6dnbFaJ81/2N0I=
    dependencies:
      esbuild "^0.12.17"
      postcss "^8.3.6"
      resolve "^1.20.0"
      rollup "^2.38.5"
    optionalDependencies:
      fsevents "~2.3.2"
  
  wrap-ansi@^7.0.0:
    version "7.0.0"
    resolved "https://registry.npm.taobao.org/wrap-ansi/download/wrap-ansi-7.0.0.tgz#67e145cff510a6a6984bdf1152911d69d2eb9e43"
    integrity sha1-Z+FFz/UQpqaYS98RUpEdadLrnkM=
    dependencies:
      ansi-styles "^4.0.0"
      string-width "^4.1.0"
      strip-ansi "^6.0.0"
  
  y18n@^5.0.5:
    version "5.0.8"
    resolved "https://registry.nlark.com/y18n/download/y18n-5.0.8.tgz#7f4934d0f7ca8c56f95314939ddcd2dd91ce1d55"
    integrity sha1-f0k00PfKjFb5UxSTndzS3ZHOHVU=
  
  yargs-parser@^20.2.2:
    version "20.2.9"
    resolved "https://registry.nlark.com/yargs-parser/download/yargs-parser-20.2.9.tgz#2eb7dc3b0289718fc295f362753845c41a0c94ee"
    integrity sha1-LrfcOwKJcY/ClfNidThFxBoMlO4=
  
  yargs@^16.0.3:
    version "16.2.0"
    resolved "https://registry.nlark.com/yargs/download/yargs-16.2.0.tgz?cache=0&sync_timestamp=1628889096518&other_urls=https%3A%2F%2Fregistry.nlark.com%2Fyargs%2Fdownload%2Fyargs-16.2.0.tgz#1c82bf0f6b6a66eafce7ef30e376f49a12477f66"
    integrity sha1-HIK/D2tqZur85+8w43b0mhJHf2Y=
    dependencies:
      cliui "^7.0.2"
      escalade "^3.1.1"
      get-caller-file "^2.0.5"
      require-directory "^2.1.1"
      string-width "^4.2.0"
      y18n "^5.0.5"
      yargs-parser "^20.2.2"
  
  yocto-queue@^0.1.0:
    version "0.1.0"
    resolved "https://registry.nlark.com/yocto-queue/download/yocto-queue-0.1.0.tgz#0294eb3dee05028d31ee1a5fa2c556a6aaf10a1b"
    integrity sha1-ApTrPe4FAo0x7hpfosVWpqrxChs=
